tv c CD13:22:45.093 [main] INFO  testCases.TC_001_AccountRegistration - starting TC_001_AccountRegistration
13:22:45.098 [main] INFO  testCases.TC_001_AccountRegistration - opening app url.....
13:22:49.423 [main] INFO  testCases.TC_001_AccountRegistration - Clicking on MyAccount link.....
13:22:49.515 [main] INFO  testCases.TC_001_AccountRegistration - Clicking on Registration link
13:22:51.024 [main] INFO  testCases.TC_001_AccountRegistration - Providing user details.....
13:22:51.175 [main] INFO  testCases.TC_001_AccountRegistration - Provided first Name
13:22:51.254 [main] INFO  testCases.TC_001_AccountRegistration - Provided last name
13:22:51.342 [main] INFO  testCases.TC_001_AccountRegistration -  provide email
13:22:51.419 [main] INFO  testCases.TC_001_AccountRegistration - providing password
13:23:09.067 [main] INFO  testCases.TC_001_AccountRegistration - starting TC_001_AccountRegistration
13:23:09.070 [main] INFO  testCases.TC_001_AccountRegistration - opening app url.....
13:23:13.425 [main] INFO  testCases.TC_001_AccountRegistration - Clicking on MyAccount link.....
13:23:13.506 [main] INFO  testCases.TC_001_AccountRegistration - Clicking on Registration link
13:23:14.188 [main] INFO  testCases.TC_001_AccountRegistration - Providing user details.....
13:23:14.292 [main] INFO  testCases.TC_001_AccountRegistration - Provided first Name
13:23:14.387 [main] INFO  testCases.TC_001_AccountRegistration - Provided last name
13:23:14.474 [main] INFO  testCases.TC_001_AccountRegistration -  provide email
13:23:14.546 [main] INFO  testCases.TC_001_AccountRegistration - providing password
13:28:40.110 [main] INFO  testCases.TC_001_AccountRegistration - starting TC_001_AccountRegistration
13:28:40.113 [main] INFO  testCases.TC_001_AccountRegistration - opening app url.....
13:28:45.102 [main] INFO  testCases.TC_001_AccountRegistration - Clicking on MyAccount link.....
13:28:45.188 [main] INFO  testCases.TC_001_AccountRegistration - Clicking on Registration link
13:28:46.392 [main] INFO  testCases.TC_001_AccountRegistration - Providing user details.....
13:28:46.493 [main] INFO  testCases.TC_001_AccountRegistration - Provided first Name
13:28:46.583 [main] INFO  testCases.TC_001_AccountRegistration - Provided last name
13:28:46.667 [main] INFO  testCases.TC_001_AccountRegistration -  provide email
13:28:46.736 [main] INFO  testCases.TC_001_AccountRegistration - providing password
15:06:55.068 [main] INFO  testCases.TC_001_AccountRegistration - starting TC_001_AccountRegistration
15:06:55.072 [main] INFO  testCases.TC_001_AccountRegistration - opening app url.....
15:06:58.814 [main] INFO  testCases.TC_001_AccountRegistration - Clicking on MyAccount link.....
15:06:58.932 [main] INFO  testCases.TC_001_AccountRegistration - Clicking on Registration link
15:06:59.711 [main] INFO  testCases.TC_001_AccountRegistration - Providing user details.....
15:06:59.814 [main] INFO  testCases.TC_001_AccountRegistration - Provided first Name
15:06:59.910 [main] INFO  testCases.TC_001_AccountRegistration - Provided last name
15:07:00.001 [main] INFO  testCases.TC_001_AccountRegistration -  provide email
15:07:00.109 [main] INFO  testCases.TC_001_AccountRegistration - providing password
15:17:26.367 [main] INFO  testCases.TC_001_AccountRegistration - starting TC_001_AccountRegistration
15:17:26.405 [main] INFO  testCases.TC_001_AccountRegistration - opening app url.....
15:17:30.863 [main] INFO  testCases.TC_001_AccountRegistration - Clicking on MyAccount link.....
15:17:30.947 [main] INFO  testCases.TC_001_AccountRegistration - Clicking on Registration link
15:17:31.585 [main] INFO  testCases.TC_001_AccountRegistration - Providing user details.....
15:17:31.693 [main] INFO  testCases.TC_001_AccountRegistration - Provided first Name
15:17:31.784 [main] INFO  testCases.TC_001_AccountRegistration - Provided last name
15:17:31.868 [main] INFO  testCases.TC_001_AccountRegistration -  provide email
15:17:31.938 [main] INFO  testCases.TC_001_AccountRegistration - providing password
15:30:26.613 [main] INFO  testCases.TC_001_AccountRegistration - starting TC_001_AccountRegistration
15:30:26.630 [main] INFO  testCases.TC_001_AccountRegistration - opening app url.....
15:34:20.026 [main] INFO  testCases.TC_001_AccountRegistration - starting TC_001_AccountRegistration
15:34:20.029 [main] INFO  testCases.TC_001_AccountRegistration - opening app url.....
15:34:23.397 [main] INFO  testCases.TC_001_AccountRegistration - Clicking on MyAccount link.....
15:34:23.559 [main] INFO  testCases.TC_001_AccountRegistration - Clicking on Registration link
15:34:25.321 [main] INFO  testCases.TC_001_AccountRegistration - Providing user details.....
15:34:27.208 [main] INFO  testCases.TC_001_AccountRegistration - Provided first Name
15:34:27.295 [main] INFO  testCases.TC_001_AccountRegistration - Provided last name
15:34:27.502 [main] INFO  testCases.TC_001_AccountRegistration -  provide email
15:34:27.580 [main] INFO  testCases.TC_001_AccountRegistration - providing password
16:44:04.007 [main] INFO  testCases.TC_001_AccountRegistration - starting TC_001_AccountRegistration
16:44:04.023 [main] INFO  testCases.TC_001_AccountRegistration - opening app url.....
16:44:09.432 [main] INFO  testCases.TC_001_AccountRegistration - Clicking on MyAccount link.....
16:44:09.828 [main] INFO  testCases.TC_001_AccountRegistration - Clicking on Registration link
16:44:11.484 [main] INFO  testCases.TC_001_AccountRegistration - Providing user details.....
16:44:12.197 [main] INFO  testCases.TC_001_AccountRegistration - Provided first Name
16:44:12.313 [main] INFO  testCases.TC_001_AccountRegistration - Provided last name
16:44:12.452 [main] INFO  testCases.TC_001_AccountRegistration -  provide email
16:44:12.552 [main] INFO  testCases.TC_001_AccountRegistration - providing password
17:15:39.702 [main] INFO  testCases.TC_001_AccountRegistration - starting TC_001_AccountRegistration
17:15:39.705 [main] INFO  testCases.TC_001_AccountRegistration - opening app url.....
17:15:43.064 [main] INFO  testCases.TC_001_AccountRegistration - Clicking on MyAccount link.....
17:15:43.148 [main] INFO  testCases.TC_001_AccountRegistration - Clicking on Registration link
17:15:44.009 [main] INFO  testCases.TC_001_AccountRegistration - Providing user details.....
17:15:44.103 [main] INFO  testCases.TC_001_AccountRegistration - Provided first Name
17:15:44.194 [main] INFO  testCases.TC_001_AccountRegistration - Provided last name
17:15:44.279 [main] INFO  testCases.TC_001_AccountRegistration -  provide email
17:15:44.347 [main] INFO  testCases.TC_001_AccountRegistration - providing password
19:14:09.544 [main] INFO  testCases.TC_001_AccountRegistration - Launched chrome browser
19:14:09.581 [main] INFO  testCases.TC_001_AccountRegistration - starting TC_001_AccountRegistration
19:14:09.582 [main] INFO  testCases.TC_001_AccountRegistration - opening app url.....
19:14:15.592 [main] INFO  testCases.TC_001_AccountRegistration - Clicking on MyAccount link.....
19:14:15.689 [main] INFO  testCases.TC_001_AccountRegistration - Clicking on Registration link
19:14:17.114 [main] INFO  testCases.TC_001_AccountRegistration - Providing user details.....
19:14:17.215 [main] INFO  testCases.TC_001_AccountRegistration - Provided first Name
19:14:17.308 [main] INFO  testCases.TC_001_AccountRegistration - Provided last name
19:14:17.395 [main] INFO  testCases.TC_001_AccountRegistration -  provide email
19:14:17.468 [main] INFO  testCases.TC_001_AccountRegistration - providing password
19:24:17.404 [TestNG-tests-1] INFO  testCases.TC_001_AccountRegistration - Launched chrome browser
19:24:17.447 [TestNG-tests-1] INFO  testCases.TC_001_AccountRegistration - starting TC_001_AccountRegistration
19:24:17.447 [TestNG-tests-1] INFO  testCases.TC_001_AccountRegistration - opening app url.....
19:24:22.352 [TestNG-tests-1] INFO  testCases.TC_001_AccountRegistration - Clicking on MyAccount link.....
19:24:22.438 [TestNG-tests-1] INFO  testCases.TC_001_AccountRegistration - Clicking on Registration link
19:24:23.184 [TestNG-tests-1] INFO  testCases.TC_001_AccountRegistration - Providing user details.....
19:24:23.284 [TestNG-tests-1] INFO  testCases.TC_001_AccountRegistration - Provided first Name
19:24:23.373 [TestNG-tests-1] INFO  testCases.TC_001_AccountRegistration - Provided last name
19:24:23.460 [TestNG-tests-1] INFO  testCases.TC_001_AccountRegistration -  provide email
19:24:23.527 [TestNG-tests-1] INFO  testCases.TC_001_AccountRegistration - providing password
18:14:25.610 [main] INFO  testCases.TC_001_AccountRegistration - Launched chrome browser
18:14:25.656 [main] INFO  testCases.TC_001_AccountRegistration - starting TC_001_AccountRegistration
18:14:25.656 [main] INFO  testCases.TC_001_AccountRegistration - opening app url.....
18:14:31.060 [main] INFO  testCases.TC_001_AccountRegistration - Clicking on MyAccount link.....
18:14:31.272 [main] INFO  testCases.TC_001_AccountRegistration - Clicking on Registration link
18:14:32.417 [main] INFO  testCases.TC_001_AccountRegistration - Providing user details.....
18:14:32.702 [main] INFO  testCases.TC_001_AccountRegistration - Provided first Name
18:14:32.773 [main] INFO  testCases.TC_001_AccountRegistration - Provided last name
18:14:32.861 [main] INFO  testCases.TC_001_AccountRegistration -  provide email
18:14:32.928 [main] INFO  testCases.TC_001_AccountRegistration - providing password
18:23:12.205 [main] INFO  testCases.TC_001_AccountRegistration - Launched chrome browser
18:23:12.236 [main] INFO  testCases.TC_001_AccountRegistration - starting TC_001_AccountRegistration
18:23:12.236 [main] INFO  testCases.TC_001_AccountRegistration - opening app url.....
18:23:20.451 [main] INFO  testCases.TC_001_AccountRegistration - Clicking on MyAccount link.....
18:23:20.532 [main] INFO  testCases.TC_001_AccountRegistration - Clicking on Registration link
18:23:22.362 [main] INFO  testCases.TC_001_AccountRegistration - Providing user details.....
18:23:22.476 [main] INFO  testCases.TC_001_AccountRegistration - Provided first Name
18:23:22.575 [main] INFO  testCases.TC_001_AccountRegistration - Provided last name
18:23:22.656 [main] INFO  testCases.TC_001_AccountRegistration -  provide email
18:23:22.726 [main] INFO  testCases.TC_001_AccountRegistration - providing password
09:32:27.735 [main] INFO  testCases.TC_001_AccountRegistration - Launched chrome browser
09:32:27.935 [main] INFO  testCases.TC_001_AccountRegistration - starting TC_001_AccountRegistration
09:32:27.935 [main] INFO  testCases.TC_001_AccountRegistration - opening app url.....
09:32:30.727 [main] INFO  testCases.TC_001_AccountRegistration - Clicking on Registration link
09:32:31.366 [main] INFO  testCases.TC_001_AccountRegistration - Providing user details.....
09:32:31.461 [main] INFO  testCases.TC_001_AccountRegistration - Provided first Name
09:32:31.559 [main] INFO  testCases.TC_001_AccountRegistration - Provided last name
09:32:31.644 [main] INFO  testCases.TC_001_AccountRegistration -  provide email
09:32:31.729 [main] INFO  testCases.TC_001_AccountRegistration - providing password
09:32:31.767 [main] INFO  testCases.TC_001_AccountRegistration - providing confirm password
09:32:31.846 [main] INFO  testCases.TC_001_AccountRegistration - Registration going on
09:32:42.248 [main] ERROR testCases.TC_001_AccountRegistration - Account Registration Failed
09:35:38.008 [main] INFO  testCases.TC_001_AccountRegistration - Launched chrome browser
09:35:38.039 [main] INFO  testCases.TC_001_AccountRegistration - starting TC_001_AccountRegistration
09:35:38.039 [main] INFO  testCases.TC_001_AccountRegistration - opening app url.....
09:35:41.840 [main] INFO  testCases.TC_001_AccountRegistration - Clicking on Registration link
09:35:42.556 [main] INFO  testCases.TC_001_AccountRegistration - Providing user details.....
09:35:42.650 [main] INFO  testCases.TC_001_AccountRegistration - Provided first Name
09:35:42.727 [main] INFO  testCases.TC_001_AccountRegistration - Provided last name
09:35:42.832 [main] INFO  testCases.TC_001_AccountRegistration -  provide email
09:35:42.912 [main] INFO  testCases.TC_001_AccountRegistration - providing password
09:35:42.989 [main] INFO  testCases.TC_001_AccountRegistration - providing confirm password
09:35:44.044 [main] INFO  testCases.TC_001_AccountRegistration - Registration going on
09:35:44.098 [main] INFO  testCases.TC_001_AccountRegistration - Account Registration Success
09:35:44.100 [main] INFO  testCases.TC_001_AccountRegistration - Finished testcase of TC_001_AccountRegistration
15:34:49.654 [main] INFO  testCases.TC_001_AccountRegistration - Launched chrome browser
15:34:49.726 [main] INFO  testCases.TC_001_AccountRegistration - starting TC_001_AccountRegistration
15:34:49.726 [main] INFO  testCases.TC_001_AccountRegistration - opening app url.....
15:34:54.349 [main] INFO  testCases.TC_001_AccountRegistration - Clicking on Registration link
15:34:55.781 [main] INFO  testCases.TC_001_AccountRegistration - Providing user details.....
15:34:55.974 [main] INFO  testCases.TC_001_AccountRegistration - Provided first Name
15:34:56.052 [main] INFO  testCases.TC_001_AccountRegistration - Provided last name
15:34:56.158 [main] INFO  testCases.TC_001_AccountRegistration -  provide email
15:34:56.235 [main] INFO  testCases.TC_001_AccountRegistration - providing password
15:34:56.310 [main] INFO  testCases.TC_001_AccountRegistration - providing confirm password
15:34:57.433 [main] INFO  testCases.TC_001_AccountRegistration - Registration going on
15:34:57.469 [main] INFO  testCases.TC_001_AccountRegistration - Account Registration Success
15:34:58.337 [main] INFO  testCases.TC_001_AccountRegistration - logging out from my account
15:34:58.337 [main] INFO  testCases.TC_001_AccountRegistration - Finished testcase of TC_001_AccountRegistration
17:14:00.670 [main] INFO  testCases.TC_001_AccountRegistration - Launched chrome browser
17:14:00.773 [main] INFO  testCases.TC_001_AccountRegistration - starting TC_001_AccountRegistration
17:14:00.773 [main] INFO  testCases.TC_001_AccountRegistration - opening app url.....
17:14:05.710 [main] INFO  testCases.TC_001_AccountRegistration - Clicking on Registration link
17:14:06.737 [main] INFO  testCases.TC_001_AccountRegistration - Providing user details.....
17:14:06.839 [main] INFO  testCases.TC_001_AccountRegistration - Provided first Name
17:14:06.917 [main] INFO  testCases.TC_001_AccountRegistration - Provided last name
17:14:07.020 [main] INFO  testCases.TC_001_AccountRegistration -  provide email
17:14:07.098 [main] INFO  testCases.TC_001_AccountRegistration - providing password
17:14:07.173 [main] INFO  testCases.TC_001_AccountRegistration - providing confirm password
17:14:08.449 [main] INFO  testCases.TC_001_AccountRegistration - Registration going on
17:14:08.498 [main] INFO  testCases.TC_001_AccountRegistration - Account Registration Success
17:14:09.398 [main] INFO  testCases.TC_001_AccountRegistration - logging out from my account
17:14:09.398 [main] INFO  testCases.TC_001_AccountRegistration - Finished testcase of TC_001_AccountRegistration
17:21:07.375 [main] INFO  testCases.TC_001_AccountRegistration - Launched chrome browser
17:21:07.407 [main] INFO  testCases.TC_001_AccountRegistration - starting TC_001_AccountRegistration
17:21:07.407 [main] INFO  testCases.TC_001_AccountRegistration - opening app url.....
17:21:15.594 [main] INFO  testCases.TC_001_AccountRegistration - Clicking on Registration link
17:21:16.809 [main] INFO  testCases.TC_001_AccountRegistration - Providing user details.....
17:21:16.897 [main] INFO  testCases.TC_001_AccountRegistration - Provided first Name
17:21:16.975 [main] INFO  testCases.TC_001_AccountRegistration - Provided last name
17:21:17.075 [main] INFO  testCases.TC_001_AccountRegistration -  provide email
17:21:17.153 [main] INFO  testCases.TC_001_AccountRegistration - providing password
17:21:17.233 [main] INFO  testCases.TC_001_AccountRegistration - providing confirm password
17:21:18.936 [main] INFO  testCases.TC_001_AccountRegistration - Registration going on
17:21:18.971 [main] INFO  testCases.TC_001_AccountRegistration - Account Registration Success
17:21:20.067 [main] INFO  testCases.TC_001_AccountRegistration - logging out from my account
17:21:20.067 [main] INFO  testCases.TC_001_AccountRegistration - Finished testcase of TC_001_AccountRegistration
17:21:22.027 [main] INFO  testCases.TC_002_Login - Launched chrome browser
17:21:22.032 [main] INFO  testCases.TC_002_Login - starting TC_002_Login......
17:21:29.090 [main] INFO  testCases.TC_002_Login - Clicked on login
17:21:29.173 [main] INFO  testCases.TC_002_Login - provided email
17:21:29.248 [main] INFO  testCases.TC_002_Login - provided password
17:21:30.200 [main] INFO  testCases.TC_002_Login - clicked on login
17:21:30.267 [main] INFO  testCases.TC_002_Login - Login success
17:21:30.267 [main] INFO  testCases.TC_002_Login - finished TC_002_Login
17:21:31.513 [main] INFO  testCases.TC_001_AccountRegistration - Launched chrome browser
17:21:31.572 [main] INFO  testCases.TC_001_AccountRegistration - starting TC_001_AccountRegistration
17:21:31.573 [main] INFO  testCases.TC_001_AccountRegistration - opening app url.....
17:21:38.587 [main] INFO  testCases.TC_001_AccountRegistration - Clicking on Registration link
17:21:40.244 [main] INFO  testCases.TC_001_AccountRegistration - Providing user details.....
17:21:40.523 [main] INFO  testCases.TC_001_AccountRegistration - Provided first Name
17:21:40.601 [main] INFO  testCases.TC_001_AccountRegistration - Provided last name
17:21:40.702 [main] INFO  testCases.TC_001_AccountRegistration -  provide email
17:21:40.779 [main] INFO  testCases.TC_001_AccountRegistration - providing password
17:21:40.859 [main] INFO  testCases.TC_001_AccountRegistration - providing confirm password
17:21:42.833 [main] INFO  testCases.TC_001_AccountRegistration - Registration going on
17:21:42.866 [main] INFO  testCases.TC_001_AccountRegistration - Account Registration Success
17:21:42.868 [main] INFO  testCases.TC_001_AccountRegistration - logging out from user details.....
17:21:43.768 [main] INFO  testCases.TC_001_AccountRegistration - logging out from my account
17:21:43.768 [main] INFO  testCases.TC_001_AccountRegistration - Finished testcase of TC_001_AccountRegistration
19:21:13.570 [main] INFO  testCases.TC_003_LoginDDT - Launched chrome browser
19:21:17.565 [main] INFO  testCases.TC_003_LoginDDT - starting TC_003_LoginDDT......
19:21:20.885 [main] INFO  testCases.TC_003_LoginDDT - home page is dispalyed
19:21:22.271 [main] INFO  testCases.TC_003_LoginDDT - Clicked on login
19:21:22.422 [main] INFO  testCases.TC_003_LoginDDT - provided email
19:21:22.423 [main] FATAL testCases.TC_003_LoginDDT - login failed
19:21:22.517 [main] INFO  testCases.TC_003_LoginDDT - starting TC_003_LoginDDT......
19:21:23.053 [main] INFO  testCases.TC_003_LoginDDT - home page is dispalyed
19:21:23.601 [main] INFO  testCases.TC_003_LoginDDT - Clicked on login
19:21:23.679 [main] INFO  testCases.TC_003_LoginDDT - provided email
19:21:23.679 [main] FATAL testCases.TC_003_LoginDDT - login failed
19:21:23.686 [main] INFO  testCases.TC_003_LoginDDT - starting TC_003_LoginDDT......
19:21:24.216 [main] INFO  testCases.TC_003_LoginDDT - home page is dispalyed
19:21:24.901 [main] INFO  testCases.TC_003_LoginDDT - Clicked on login
19:21:24.982 [main] INFO  testCases.TC_003_LoginDDT - provided email
19:21:24.982 [main] FATAL testCases.TC_003_LoginDDT - login failed
19:21:24.986 [main] INFO  testCases.TC_003_LoginDDT - starting TC_003_LoginDDT......
19:21:25.473 [main] INFO  testCases.TC_003_LoginDDT - home page is dispalyed
19:21:26.008 [main] INFO  testCases.TC_003_LoginDDT - Clicked on login
19:21:26.089 [main] INFO  testCases.TC_003_LoginDDT - provided email
19:21:26.089 [main] FATAL testCases.TC_003_LoginDDT - login failed
19:25:16.787 [main] INFO  testCases.TC_003_LoginDDT - Launched chrome browser
19:25:18.172 [main] INFO  testCases.TC_003_LoginDDT - starting TC_003_LoginDDT......
19:25:20.874 [main] INFO  testCases.TC_003_LoginDDT - home page is dispalyed
19:25:22.156 [main] INFO  testCases.TC_003_LoginDDT - Clicked on login
19:25:22.157 [main] FATAL testCases.TC_003_LoginDDT - login failed
19:25:22.187 [main] INFO  testCases.TC_003_LoginDDT - starting TC_003_LoginDDT......
19:25:22.704 [main] INFO  testCases.TC_003_LoginDDT - home page is dispalyed
19:25:23.255 [main] INFO  testCases.TC_003_LoginDDT - Clicked on login
19:25:23.256 [main] FATAL testCases.TC_003_LoginDDT - login failed
19:25:23.268 [main] INFO  testCases.TC_003_LoginDDT - starting TC_003_LoginDDT......
19:25:23.740 [main] INFO  testCases.TC_003_LoginDDT - home page is dispalyed
19:25:24.244 [main] INFO  testCases.TC_003_LoginDDT - Clicked on login
19:25:24.247 [main] FATAL testCases.TC_003_LoginDDT - login failed
19:25:24.251 [main] INFO  testCases.TC_003_LoginDDT - starting TC_003_LoginDDT......
19:25:24.764 [main] INFO  testCases.TC_003_LoginDDT - home page is dispalyed
19:25:25.290 [main] INFO  testCases.TC_003_LoginDDT - Clicked on login
19:25:25.291 [main] FATAL testCases.TC_003_LoginDDT - login failed
19:34:22.266 [main] INFO  testCases.TC_003_LoginDDT - Launched chrome browser
19:34:23.649 [main] INFO  testCases.TC_003_LoginDDT - starting TC_003_LoginDDT......
19:34:28.972 [main] INFO  testCases.TC_003_LoginDDT - home page is dispalyed
19:34:29.807 [main] INFO  testCases.TC_003_LoginDDT - Clicked on login
19:34:29.958 [main] INFO  testCases.TC_003_LoginDDT - provided email
19:34:29.959 [main] FATAL testCases.TC_003_LoginDDT - login failed
19:34:29.976 [main] INFO  testCases.TC_003_LoginDDT - starting TC_003_LoginDDT......
19:34:30.485 [main] INFO  testCases.TC_003_LoginDDT - home page is dispalyed
19:34:31.024 [main] INFO  testCases.TC_003_LoginDDT - Clicked on login
19:34:31.103 [main] INFO  testCases.TC_003_LoginDDT - provided email
19:34:31.103 [main] FATAL testCases.TC_003_LoginDDT - login failed
19:34:31.108 [main] INFO  testCases.TC_003_LoginDDT - starting TC_003_LoginDDT......
19:34:31.593 [main] INFO  testCases.TC_003_LoginDDT - home page is dispalyed
19:34:32.123 [main] INFO  testCases.TC_003_LoginDDT - Clicked on login
19:34:32.202 [main] INFO  testCases.TC_003_LoginDDT - provided email
19:34:32.203 [main] FATAL testCases.TC_003_LoginDDT - login failed
19:34:32.207 [main] INFO  testCases.TC_003_LoginDDT - starting TC_003_LoginDDT......
19:34:32.692 [main] INFO  testCases.TC_003_LoginDDT - home page is dispalyed
19:34:33.205 [main] INFO  testCases.TC_003_LoginDDT - Clicked on login
19:34:33.303 [main] INFO  testCases.TC_003_LoginDDT - provided email
19:34:33.303 [main] FATAL testCases.TC_003_LoginDDT - login failed
19:43:14.009 [main] INFO  testCases.TC_002_Login - Launched chrome browser
19:43:14.043 [main] INFO  testCases.TC_002_Login - starting TC_002_Login......
19:43:21.862 [main] INFO  testCases.TC_002_Login - Clicked on login
19:43:21.953 [main] INFO  testCases.TC_002_Login - provided email
19:43:22.028 [main] INFO  testCases.TC_002_Login - provided password
19:43:22.995 [main] INFO  testCases.TC_002_Login - clicked on login
19:43:23.152 [main] INFO  testCases.TC_002_Login - Login success
19:43:23.154 [main] INFO  testCases.TC_002_Login - finished TC_002_Login
11:24:48.116 [main] INFO  testCases.TC_002_Login - Launched chrome browser
11:24:48.216 [main] INFO  testCases.TC_002_Login - starting TC_002_Login......
11:24:55.738 [main] INFO  testCases.TC_002_Login - Clicked on login
11:24:55.838 [main] INFO  testCases.TC_002_Login - provided email
11:24:55.914 [main] INFO  testCases.TC_002_Login - provided password
11:24:56.476 [main] INFO  testCases.TC_002_Login - clicked on login
11:25:06.541 [main] ERROR testCases.TC_002_Login - login failed
11:25:09.360 [main] INFO  testCases.TC_003_LoginDDT - Launched chrome browser
11:25:10.541 [main] INFO  testCases.TC_003_LoginDDT - starting TC_003_LoginDDT......
11:25:13.193 [main] INFO  testCases.TC_003_LoginDDT - home page is dispalyed
11:25:14.003 [main] INFO  testCases.TC_003_LoginDDT - Clicked on login
11:25:14.088 [main] INFO  testCases.TC_003_LoginDDT - provided email
11:25:14.088 [main] FATAL testCases.TC_003_LoginDDT - login failed
11:25:14.095 [main] INFO  testCases.TC_003_LoginDDT - starting TC_003_LoginDDT......
11:25:14.576 [main] INFO  testCases.TC_003_LoginDDT - home page is dispalyed
11:25:15.114 [main] INFO  testCases.TC_003_LoginDDT - Clicked on login
11:25:15.198 [main] INFO  testCases.TC_003_LoginDDT - provided email
11:25:15.198 [main] FATAL testCases.TC_003_LoginDDT - login failed
11:25:15.201 [main] INFO  testCases.TC_003_LoginDDT - starting TC_003_LoginDDT......
11:25:15.676 [main] INFO  testCases.TC_003_LoginDDT - home page is dispalyed
11:25:16.185 [main] INFO  testCases.TC_003_LoginDDT - Clicked on login
11:25:16.260 [main] INFO  testCases.TC_003_LoginDDT - provided email
11:25:16.260 [main] FATAL testCases.TC_003_LoginDDT - login failed
11:25:16.266 [main] INFO  testCases.TC_003_LoginDDT - starting TC_003_LoginDDT......
11:25:17.106 [main] INFO  testCases.TC_003_LoginDDT - home page is dispalyed
11:25:17.655 [main] INFO  testCases.TC_003_LoginDDT - Clicked on login
11:25:17.739 [main] INFO  testCases.TC_003_LoginDDT - provided email
11:25:17.739 [main] FATAL testCases.TC_003_LoginDDT - login failed
11:29:11.081 [main] INFO  testCases.TC_002_Login - Launched chrome browser
11:29:11.127 [main] INFO  testCases.TC_002_Login - starting TC_002_Login......
11:29:15.946 [main] INFO  testCases.TC_002_Login - Clicked on login
11:29:16.042 [main] INFO  testCases.TC_002_Login - provided email
11:29:16.121 [main] INFO  testCases.TC_002_Login - provided password
11:29:17.058 [main] INFO  testCases.TC_002_Login - clicked on login
11:29:17.208 [main] INFO  testCases.TC_002_Login - Login success
11:29:17.210 [main] INFO  testCases.TC_002_Login - finished TC_002_Login
11:29:19.152 [main] INFO  testCases.TC_003_LoginDDT - Launched chrome browser
11:29:20.573 [main] INFO  testCases.TC_003_LoginDDT - starting TC_003_LoginDDT......
11:29:22.909 [main] INFO  testCases.TC_003_LoginDDT - home page is dispalyed
11:29:23.678 [main] INFO  testCases.TC_003_LoginDDT - Clicked on login
11:29:23.775 [main] INFO  testCases.TC_003_LoginDDT - provided email
11:29:23.775 [main] FATAL testCases.TC_003_LoginDDT - login failed
11:29:23.783 [main] INFO  testCases.TC_003_LoginDDT - starting TC_003_LoginDDT......
11:29:24.262 [main] INFO  testCases.TC_003_LoginDDT - home page is dispalyed
11:29:24.792 [main] INFO  testCases.TC_003_LoginDDT - Clicked on login
11:29:24.878 [main] INFO  testCases.TC_003_LoginDDT - provided email
11:29:24.878 [main] FATAL testCases.TC_003_LoginDDT - login failed
11:29:24.884 [main] INFO  testCases.TC_003_LoginDDT - starting TC_003_LoginDDT......
11:29:25.335 [main] INFO  testCases.TC_003_LoginDDT - home page is dispalyed
11:29:25.835 [main] INFO  testCases.TC_003_LoginDDT - Clicked on login
11:29:25.924 [main] INFO  testCases.TC_003_LoginDDT - provided email
11:29:25.924 [main] FATAL testCases.TC_003_LoginDDT - login failed
11:29:25.927 [main] INFO  testCases.TC_003_LoginDDT - starting TC_003_LoginDDT......
11:29:26.389 [main] INFO  testCases.TC_003_LoginDDT - home page is dispalyed
11:29:26.946 [main] INFO  testCases.TC_003_LoginDDT - Clicked on login
11:29:27.052 [main] INFO  testCases.TC_003_LoginDDT - provided email
11:29:27.052 [main] FATAL testCases.TC_003_LoginDDT - login failed
11:50:15.566 [main] INFO  testCases.TC_002_Login - Launched chrome browser
11:50:15.603 [main] INFO  testCases.TC_002_Login - starting TC_002_Login......
11:50:20.363 [main] INFO  testCases.TC_002_Login - Clicked on login
11:50:20.464 [main] INFO  testCases.TC_002_Login - provided email
11:50:20.537 [main] INFO  testCases.TC_002_Login - provided password
11:50:21.465 [main] INFO  testCases.TC_002_Login - clicked on login
11:50:21.527 [main] INFO  testCases.TC_002_Login - Login success
11:50:21.529 [main] INFO  testCases.TC_002_Login - finished TC_002_Login
11:50:43.177 [main] INFO  testCases.TC_002_Login - Launched chrome browser
11:50:43.203 [main] INFO  testCases.TC_002_Login - starting TC_002_Login......
11:50:49.828 [main] INFO  testCases.TC_002_Login - Clicked on login
11:50:49.922 [main] INFO  testCases.TC_002_Login - provided email
11:50:50.000 [main] INFO  testCases.TC_002_Login - provided password
11:50:50.943 [main] INFO  testCases.TC_002_Login - clicked on login
11:50:51.001 [main] INFO  testCases.TC_002_Login - Login success
11:50:51.006 [main] INFO  testCases.TC_002_Login - finished TC_002_Login
11:53:04.933 [main] INFO  testCases.TC_001_AccountRegistration - Launched chrome browser
11:53:04.961 [main] INFO  testCases.TC_001_AccountRegistration - starting TC_001_AccountRegistration
11:53:04.962 [main] INFO  testCases.TC_001_AccountRegistration - opening app url.....
11:53:09.456 [main] INFO  testCases.TC_001_AccountRegistration - Clicking on Registration link
11:53:10.253 [main] INFO  testCases.TC_001_AccountRegistration - Providing user details.....
11:53:10.341 [main] INFO  testCases.TC_001_AccountRegistration - Provided first Name
11:53:10.419 [main] INFO  testCases.TC_001_AccountRegistration - Provided last name
11:53:10.520 [main] INFO  testCases.TC_001_AccountRegistration -  provide email
11:53:10.595 [main] INFO  testCases.TC_001_AccountRegistration - providing password
11:53:10.669 [main] INFO  testCases.TC_001_AccountRegistration - providing confirm password
11:53:13.616 [main] INFO  testCases.TC_001_AccountRegistration - Registration going on
11:53:13.663 [main] INFO  testCases.TC_001_AccountRegistration - Account Registration Success
11:53:13.665 [main] INFO  testCases.TC_001_AccountRegistration - logging out from user details.....
11:53:14.555 [main] INFO  testCases.TC_001_AccountRegistration - logging out from my account
11:53:14.555 [main] INFO  testCases.TC_001_AccountRegistration - Finished testcase of TC_001_AccountRegistration
11:53:36.378 [main] INFO  testCases.TC_001_AccountRegistration - Launched chrome browser
11:53:36.405 [main] INFO  testCases.TC_001_AccountRegistration - starting TC_001_AccountRegistration
11:53:36.405 [main] INFO  testCases.TC_001_AccountRegistration - opening app url.....
11:53:40.573 [main] INFO  testCases.TC_001_AccountRegistration - Clicking on Registration link
11:53:41.251 [main] INFO  testCases.TC_001_AccountRegistration - Providing user details.....
11:53:41.347 [main] INFO  testCases.TC_001_AccountRegistration - Provided first Name
11:53:41.428 [main] INFO  testCases.TC_001_AccountRegistration - Provided last name
11:53:41.527 [main] INFO  testCases.TC_001_AccountRegistration -  provide email
11:53:41.603 [main] INFO  testCases.TC_001_AccountRegistration - providing password
11:53:41.671 [main] INFO  testCases.TC_001_AccountRegistration - providing confirm password
11:53:42.699 [main] INFO  testCases.TC_001_AccountRegistration - Registration going on
11:53:42.730 [main] INFO  testCases.TC_001_AccountRegistration - Account Registration Success
11:53:42.732 [main] INFO  testCases.TC_001_AccountRegistration - logging out from user details.....
11:53:43.651 [main] INFO  testCases.TC_001_AccountRegistration - logging out from my account
11:53:43.651 [main] INFO  testCases.TC_001_AccountRegistration - Finished testcase of TC_001_AccountRegistration
11:53:45.501 [main] INFO  testCases.TC_002_Login - Launched chrome browser
11:53:45.507 [main] INFO  testCases.TC_002_Login - starting TC_002_Login......
11:53:49.481 [main] INFO  testCases.TC_002_Login - Clicked on login
11:53:49.576 [main] INFO  testCases.TC_002_Login - provided email
11:53:49.652 [main] INFO  testCases.TC_002_Login - provided password
11:53:50.586 [main] INFO  testCases.TC_002_Login - clicked on login
11:53:50.638 [main] INFO  testCases.TC_002_Login - Login success
11:53:50.639 [main] INFO  testCases.TC_002_Login - finished TC_002_Login
18:22:33.685 [main] INFO  testCases.TC_001_AccountRegistration - Launched chrome browser
18:22:33.816 [main] INFO  testCases.TC_001_AccountRegistration - starting TC_001_AccountRegistration
18:22:33.816 [main] INFO  testCases.TC_001_AccountRegistration - opening app url.....
18:22:36.700 [main] INFO  testCases.TC_001_AccountRegistration - Clicking on Registration link
18:22:37.442 [main] INFO  testCases.TC_001_AccountRegistration - Providing user details.....
18:22:37.568 [main] INFO  testCases.TC_001_AccountRegistration - Provided first Name
18:22:37.638 [main] INFO  testCases.TC_001_AccountRegistration - Provided last name
18:22:37.756 [main] INFO  testCases.TC_001_AccountRegistration -  provide email
18:22:37.845 [main] INFO  testCases.TC_001_AccountRegistration - providing password
18:22:37.926 [main] INFO  testCases.TC_001_AccountRegistration - providing confirm password
18:22:39.002 [main] INFO  testCases.TC_001_AccountRegistration - Registration going on
18:22:39.721 [main] ERROR testCases.TC_001_AccountRegistration - Account Registration Failed
18:22:42.892 [main] INFO  testCases.TC_002_Login - Launched chrome browser
18:22:42.902 [main] INFO  testCases.TC_002_Login - starting TC_002_Login......
18:22:49.476 [main] INFO  testCases.TC_002_Login - Clicked on login
18:22:49.588 [main] INFO  testCases.TC_002_Login - provided email
18:22:49.664 [main] INFO  testCases.TC_002_Login - provided password
18:22:50.225 [main] INFO  testCases.TC_002_Login - clicked on login
18:22:59.804 [main] ERROR testCases.TC_002_Login - login failed
18:22:59.852 [main] FATAL testCases.TC_002_Login - login failed
18:25:52.552 [main] INFO  testCases.TC_001_AccountRegistration - Launched chrome browser
18:25:52.586 [main] INFO  testCases.TC_001_AccountRegistration - starting TC_001_AccountRegistration
18:25:52.587 [main] INFO  testCases.TC_001_AccountRegistration - opening app url.....
18:25:54.901 [main] INFO  testCases.TC_001_AccountRegistration - Clicking on Registration link
18:25:55.552 [main] INFO  testCases.TC_001_AccountRegistration - Providing user details.....
18:25:55.673 [main] INFO  testCases.TC_001_AccountRegistration - Provided first Name
18:25:55.753 [main] INFO  testCases.TC_001_AccountRegistration - Provided last name
18:25:55.856 [main] INFO  testCases.TC_001_AccountRegistration -  provide email
18:25:55.929 [main] INFO  testCases.TC_001_AccountRegistration - providing password
18:25:56.003 [main] INFO  testCases.TC_001_AccountRegistration - providing confirm password
18:25:57.412 [main] INFO  testCases.TC_001_AccountRegistration - Registration going on
18:25:57.638 [main] ERROR testCases.TC_001_AccountRegistration - Account Registration Failed
18:25:59.711 [main] INFO  testCases.TC_002_Login - Launched chrome browser
18:25:59.717 [main] INFO  testCases.TC_002_Login - starting TC_002_Login......
18:26:03.919 [main] INFO  testCases.TC_002_Login - Clicked on login
18:26:04.013 [main] INFO  testCases.TC_002_Login - provided email
18:26:04.086 [main] INFO  testCases.TC_002_Login - provided password
18:26:05.152 [main] INFO  testCases.TC_002_Login - clicked on login
18:26:05.234 [main] INFO  testCases.TC_002_Login - Login success
18:26:05.234 [main] INFO  testCases.TC_002_Login - finished TC_002_Login
18:26:52.560 [main] INFO  testCases.TC_001_AccountRegistration - Launched chrome browser
18:26:52.591 [main] INFO  testCases.TC_001_AccountRegistration - starting TC_001_AccountRegistration
18:26:52.591 [main] INFO  testCases.TC_001_AccountRegistration - opening app url.....
18:26:55.690 [main] INFO  testCases.TC_001_AccountRegistration - Clicking on Registration link
18:26:56.412 [main] INFO  testCases.TC_001_AccountRegistration - Providing user details.....
18:26:56.501 [main] INFO  testCases.TC_001_AccountRegistration - Provided first Name
18:26:56.586 [main] INFO  testCases.TC_001_AccountRegistration - Provided last name
18:26:56.682 [main] INFO  testCases.TC_001_AccountRegistration -  provide email
18:26:56.756 [main] INFO  testCases.TC_001_AccountRegistration - providing password
18:26:56.827 [main] INFO  testCases.TC_001_AccountRegistration - providing confirm password
18:26:57.881 [main] INFO  testCases.TC_001_AccountRegistration - Registration going on
18:26:57.917 [main] INFO  testCases.TC_001_AccountRegistration - Account Registration Success
18:26:57.919 [main] INFO  testCases.TC_001_AccountRegistration - logging out from user details.....
18:26:58.811 [main] INFO  testCases.TC_001_AccountRegistration - logging out from my account
18:26:58.811 [main] INFO  testCases.TC_001_AccountRegistration - Finished testcase of TC_001_AccountRegistration
17:18:01.769 [main] INFO  testCases.TC_001_AccountRegistration - Launched chrome browser
17:18:02.023 [main] INFO  testCases.TC_001_AccountRegistration - starting TC_001_AccountRegistration
17:18:02.023 [main] INFO  testCases.TC_001_AccountRegistration - opening app url.....
17:18:09.510 [main] INFO  testCases.TC_001_AccountRegistration - Clicking on Registration link
17:18:15.608 [main] INFO  testCases.TC_001_AccountRegistration - Providing user details.....
17:18:19.555 [main] INFO  testCases.TC_001_AccountRegistration - Provided first Name
17:18:19.639 [main] INFO  testCases.TC_001_AccountRegistration - Provided last name
17:18:20.105 [main] INFO  testCases.TC_001_AccountRegistration -  provide email
17:18:20.182 [main] INFO  testCases.TC_001_AccountRegistration - providing password
17:18:20.255 [main] INFO  testCases.TC_001_AccountRegistration - providing confirm password
17:18:22.562 [main] INFO  testCases.TC_001_AccountRegistration - Registration going on
17:18:22.729 [main] INFO  testCases.TC_001_AccountRegistration - Account Registration Success
17:18:22.731 [main] INFO  testCases.TC_001_AccountRegistration - logging out from user details.....
17:18:24.095 [main] INFO  testCases.TC_001_AccountRegistration - logging out from my account
17:18:24.095 [main] INFO  testCases.TC_001_AccountRegistration - Finished testcase of TC_001_AccountRegistration
17:18:26.358 [main] INFO  testCases.TC_001_AccountRegistration - Launched chrome browser
17:18:26.384 [main] INFO  testCases.TC_001_AccountRegistration - starting TC_001_AccountRegistration
17:18:26.384 [main] INFO  testCases.TC_001_AccountRegistration - opening app url.....
17:18:32.982 [main] INFO  testCases.TC_001_AccountRegistration - Clicking on Registration link
17:18:33.023 [main] INFO  testCases.TC_002_Login - Launched chrome browser
17:18:33.031 [main] INFO  testCases.TC_002_Login - starting TC_002_Login......
17:18:35.459 [main] INFO  testCases.TC_001_AccountRegistration - Providing user details.....
17:18:35.544 [main] INFO  testCases.TC_001_AccountRegistration - Provided first Name
17:18:35.622 [main] INFO  testCases.TC_001_AccountRegistration - Provided last name
17:18:35.748 [main] INFO  testCases.TC_001_AccountRegistration -  provide email
17:18:35.826 [main] INFO  testCases.TC_001_AccountRegistration - providing password
17:18:35.920 [main] INFO  testCases.TC_001_AccountRegistration - providing confirm password
17:18:37.029 [main] INFO  testCases.TC_001_AccountRegistration - Registration going on
17:18:37.063 [main] INFO  testCases.TC_001_AccountRegistration - Account Registration Success
17:18:37.065 [main] INFO  testCases.TC_001_AccountRegistration - logging out from user details.....
17:18:38.001 [main] INFO  testCases.TC_001_AccountRegistration - logging out from my account
17:18:38.001 [main] INFO  testCases.TC_001_AccountRegistration - Finished testcase of TC_001_AccountRegistration
17:18:41.178 [main] INFO  testCases.TC_002_Login - Launched chrome browser
17:18:41.184 [main] INFO  testCases.TC_002_Login - starting TC_002_Login......
17:18:45.685 [main] INFO  testCases.TC_002_Login - Clicked on login
17:18:45.807 [main] INFO  testCases.TC_002_Login - provided email
17:18:45.882 [main] INFO  testCases.TC_002_Login - provided password
17:18:46.443 [main] INFO  testCases.TC_002_Login - clicked on login
17:18:50.872 [main] INFO  testCases.TC_002_Login - Clicked on login
17:18:50.954 [main] INFO  testCases.TC_002_Login - provided email
17:18:51.030 [main] INFO  testCases.TC_002_Login - provided password
17:18:51.568 [main] INFO  testCases.TC_002_Login - clicked on login
17:18:56.500 [main] ERROR testCases.TC_002_Login - login failed
17:19:01.637 [main] ERROR testCases.TC_002_Login - login failed
17:23:36.900 [main] INFO  testCases.TC_001_AccountRegistration - Launched chrome browser
17:23:36.928 [main] INFO  testCases.TC_001_AccountRegistration - starting TC_001_AccountRegistration
17:23:36.928 [main] INFO  testCases.TC_001_AccountRegistration - opening app url.....
17:23:40.479 [main] INFO  testCases.TC_001_AccountRegistration - Clicking on Registration link
17:23:41.196 [main] INFO  testCases.TC_001_AccountRegistration - Providing user details.....
17:23:41.285 [main] INFO  testCases.TC_001_AccountRegistration - Provided first Name
17:23:41.364 [main] INFO  testCases.TC_001_AccountRegistration - Provided last name
17:23:41.461 [main] INFO  testCases.TC_001_AccountRegistration -  provide email
17:23:41.534 [main] INFO  testCases.TC_001_AccountRegistration - providing password
17:23:41.614 [main] INFO  testCases.TC_001_AccountRegistration - providing confirm password
17:23:42.666 [main] INFO  testCases.TC_001_AccountRegistration - Registration going on
17:23:42.698 [main] INFO  testCases.TC_001_AccountRegistration - Account Registration Success
17:23:42.700 [main] INFO  testCases.TC_001_AccountRegistration - logging out from user details.....
17:23:43.544 [main] INFO  testCases.TC_001_AccountRegistration - logging out from my account
17:23:43.545 [main] INFO  testCases.TC_001_AccountRegistration - Finished testcase of TC_001_AccountRegistration
17:23:45.442 [main] INFO  testCases.TC_002_Login - Launched chrome browser
17:23:45.446 [main] INFO  testCases.TC_002_Login - starting TC_002_Login......
17:23:52.261 [main] INFO  testCases.TC_002_Login - Clicked on login
17:23:52.343 [main] INFO  testCases.TC_002_Login - provided email
17:23:52.416 [main] INFO  testCases.TC_002_Login - provided password
17:23:53.321 [main] INFO  testCases.TC_002_Login - clicked on login
17:23:53.376 [main] INFO  testCases.TC_002_Login - Login success
17:23:53.376 [main] INFO  testCases.TC_002_Login - finished TC_002_Login
17:25:15.448 [main] INFO  testCases.TC_001_AccountRegistration - Launched chrome browser
17:25:15.473 [main] INFO  testCases.TC_001_AccountRegistration - starting TC_001_AccountRegistration
17:25:15.473 [main] INFO  testCases.TC_001_AccountRegistration - opening app url.....
17:25:19.590 [main] INFO  testCases.TC_001_AccountRegistration - Clicking on Registration link
17:25:20.282 [main] INFO  testCases.TC_001_AccountRegistration - Providing user details.....
17:25:20.377 [main] INFO  testCases.TC_001_AccountRegistration - Provided first Name
17:25:20.464 [main] INFO  testCases.TC_001_AccountRegistration - Provided last name
17:25:20.569 [main] INFO  testCases.TC_001_AccountRegistration -  provide email
17:25:20.649 [main] INFO  testCases.TC_001_AccountRegistration - providing password
17:25:20.725 [main] INFO  testCases.TC_001_AccountRegistration - providing confirm password
17:25:21.836 [main] INFO  testCases.TC_001_AccountRegistration - Registration going on
17:25:21.868 [main] INFO  testCases.TC_001_AccountRegistration - Account Registration Success
17:25:21.870 [main] INFO  testCases.TC_001_AccountRegistration - logging out from user details.....
17:25:22.720 [main] INFO  testCases.TC_001_AccountRegistration - logging out from my account
17:25:22.720 [main] INFO  testCases.TC_001_AccountRegistration - Finished testcase of TC_001_AccountRegistration
17:25:24.928 [main] INFO  testCases.TC_002_Login - Launched chrome browser
17:25:24.933 [main] INFO  testCases.TC_002_Login - starting TC_002_Login......
17:25:29.360 [main] INFO  testCases.TC_002_Login - Clicked on login
17:25:29.451 [main] INFO  testCases.TC_002_Login - provided email
17:25:29.521 [main] INFO  testCases.TC_002_Login - provided password
17:25:30.467 [main] INFO  testCases.TC_002_Login - clicked on login
17:25:30.520 [main] INFO  testCases.TC_002_Login - Login success
17:25:30.520 [main] INFO  testCases.TC_002_Login - finished TC_002_Login
17:25:55.956 [main] INFO  testCases.TC_001_AccountRegistration - Launched chrome browser
17:25:55.987 [main] INFO  testCases.TC_001_AccountRegistration - starting TC_001_AccountRegistration
17:25:55.987 [main] INFO  testCases.TC_001_AccountRegistration - opening app url.....
17:25:59.846 [main] INFO  testCases.TC_001_AccountRegistration - Clicking on Registration link
17:26:00.697 [main] INFO  testCases.TC_001_AccountRegistration - Providing user details.....
17:26:00.787 [main] INFO  testCases.TC_001_AccountRegistration - Provided first Name
17:26:00.869 [main] INFO  testCases.TC_001_AccountRegistration - Provided last name
17:26:00.974 [main] INFO  testCases.TC_001_AccountRegistration -  provide email
17:26:01.053 [main] INFO  testCases.TC_001_AccountRegistration - providing password
17:26:01.127 [main] INFO  testCases.TC_001_AccountRegistration - providing confirm password
17:26:02.198 [main] INFO  testCases.TC_001_AccountRegistration - Registration going on
17:26:02.228 [main] INFO  testCases.TC_001_AccountRegistration - Account Registration Success
17:26:02.230 [main] INFO  testCases.TC_001_AccountRegistration - logging out from user details.....
17:26:03.144 [main] INFO  testCases.TC_001_AccountRegistration - logging out from my account
17:26:03.144 [main] INFO  testCases.TC_001_AccountRegistration - Finished testcase of TC_001_AccountRegistration
17:26:05.381 [main] INFO  testCases.TC_002_Login - Launched chrome browser
17:26:05.388 [main] INFO  testCases.TC_002_Login - starting TC_002_Login......
17:26:10.608 [main] INFO  testCases.TC_002_Login - Clicked on login
17:26:10.695 [main] INFO  testCases.TC_002_Login - provided email
17:26:10.768 [main] INFO  testCases.TC_002_Login - provided password
17:26:11.679 [main] INFO  testCases.TC_002_Login - clicked on login
17:26:11.734 [main] INFO  testCases.TC_002_Login - Login success
17:26:11.734 [main] INFO  testCases.TC_002_Login - finished TC_002_Login
17:52:10.065 [main] INFO  testCases.TC_001_AccountRegistration - Launched chrome browser
17:52:10.177 [main] INFO  testCases.TC_001_AccountRegistration - starting TC_001_AccountRegistration
17:52:10.177 [main] INFO  testCases.TC_001_AccountRegistration - opening app url.....
17:52:13.750 [main] INFO  testCases.TC_001_AccountRegistration - Clicking on Registration link
17:52:14.577 [main] INFO  testCases.TC_001_AccountRegistration - Providing user details.....
17:52:14.666 [main] INFO  testCases.TC_001_AccountRegistration - Provided first Name
17:52:14.745 [main] INFO  testCases.TC_001_AccountRegistration - Provided last name
17:52:14.846 [main] INFO  testCases.TC_001_AccountRegistration -  provide email
17:52:14.925 [main] INFO  testCases.TC_001_AccountRegistration - providing password
17:52:15.003 [main] INFO  testCases.TC_001_AccountRegistration - providing confirm password
17:52:16.125 [main] INFO  testCases.TC_001_AccountRegistration - Registration going on
17:52:16.296 [main] INFO  testCases.TC_001_AccountRegistration - Account Registration Success
17:52:16.298 [main] INFO  testCases.TC_001_AccountRegistration - logging out from user details.....
17:52:17.196 [main] INFO  testCases.TC_001_AccountRegistration - logging out from my account
17:52:17.197 [main] INFO  testCases.TC_001_AccountRegistration - Finished testcase of TC_001_AccountRegistration
17:52:19.461 [main] INFO  testCases.TC_002_Login - Launched chrome browser
17:52:19.467 [main] INFO  testCases.TC_002_Login - starting TC_002_Login......
17:52:26.198 [main] INFO  testCases.TC_002_Login - Clicked on login
17:52:26.283 [main] INFO  testCases.TC_002_Login - provided email
17:52:26.357 [main] INFO  testCases.TC_002_Login - provided password
17:52:27.260 [main] INFO  testCases.TC_002_Login - clicked on login
17:52:27.312 [main] INFO  testCases.TC_002_Login - Login success
17:52:27.312 [main] INFO  testCases.TC_002_Login - finished TC_002_Login
17:54:00.924 [main] INFO  testCases.TC_001_AccountRegistration - Launched chrome browser
17:54:00.950 [main] INFO  testCases.TC_001_AccountRegistration - starting TC_001_AccountRegistration
17:54:00.950 [main] INFO  testCases.TC_001_AccountRegistration - opening app url.....
17:54:11.513 [main] INFO  testCases.TC_001_AccountRegistration - Clicking on Registration link
17:54:12.788 [main] INFO  testCases.TC_001_AccountRegistration - Providing user details.....
17:54:12.873 [main] INFO  testCases.TC_001_AccountRegistration - Provided first Name
17:54:12.950 [main] INFO  testCases.TC_001_AccountRegistration - Provided last name
17:54:13.053 [main] INFO  testCases.TC_001_AccountRegistration -  provide email
17:54:13.130 [main] INFO  testCases.TC_001_AccountRegistration - providing password
17:54:13.204 [main] INFO  testCases.TC_001_AccountRegistration - providing confirm password
17:54:14.369 [main] INFO  testCases.TC_001_AccountRegistration - Registration going on
17:54:14.404 [main] INFO  testCases.TC_001_AccountRegistration - Account Registration Success
17:54:14.407 [main] INFO  testCases.TC_001_AccountRegistration - logging out from user details.....
17:54:15.391 [main] INFO  testCases.TC_001_AccountRegistration - logging out from my account
17:54:15.392 [main] INFO  testCases.TC_001_AccountRegistration - Finished testcase of TC_001_AccountRegistration
17:54:18.083 [main] INFO  testCases.TC_002_Login - Launched chrome browser
